<?xml version="1.0" encoding="UTF-8"?>
<testng-results ignored="3" total="4" passed="1" failed="0" skipped="0">
  <reporter-output>
  </reporter-output>
  <suite started-at="2021-12-24T12:00:50 TRT" name="InventoryChecks" finished-at="2021-12-24T12:00:54 TRT" duration-ms="3877">
    <groups>
    </groups>
    <test started-at="2021-12-24T12:00:50 TRT" name="Command line test" finished-at="2021-12-24T12:00:54 TRT" duration-ms="3877">
      <class name="InventoryChecks">
        <test-method signature="stockTestGetInventoryCheckHappyPath()[pri:0, instance:InventoryChecks@c46bcd4]" started-at="2021-12-24T12:00:50 TRT" name="stockTestGetInventoryCheckHappyPath" finished-at="2021-12-24T12:00:54 TRT" duration-ms="3846" status="PASS">
          <reporter-output>
          </reporter-output>
        </test-method> <!-- stockTestGetInventoryCheckHappyPath -->
      </class> <!-- InventoryChecks -->
    </test> <!-- Command line test -->
  </suite> <!-- InventoryChecks -->
</testng-results>
