<?xml version="1.0" encoding="UTF-8"?>
<!-- Generated by org.testng.reporters.JUnitXMLReporter -->
<testsuite ignored="3" hostname="SinanOynak.local" failures="0" tests="1" name="Command line test" time="3.877" errors="0" timestamp="2021-12-24T12:00:59 TRT">
  <testcase classname="InventoryChecks" name="stockTestGetInventoryCheckHappyPath" time="3.846"/>
  <testcase classname="InventoryChecks" name="stockTestGetInventoryCheckShortId" time="0.0">
    <ignored/>
  </testcase> <!-- stockTestGetInventoryCheckShortId -->
  <testcase classname="InventoryChecks" name="stockTestGetInventoryCheckInvalidId" time="0.0">
    <ignored/>
  </testcase> <!-- stockTestGetInventoryCheckInvalidId -->
  <testcase classname="InventoryChecks" name="stockTestGetHealth" time="0.0">
    <ignored/>
  </testcase> <!-- stockTestGetHealth -->
</testsuite> <!-- Command line test -->
